For FCVAR_REPLICATED, ConVar must be defined in client and game .dlls (sv_use_steam_voice)
ProtoDefs post data loaded.
ProtoDefs loaded. 43.17 MB used
ProtoDefs post data loaded.
ProtoDefs loaded. 43.17 MB used
Unable to load plugin "D:\TF-REBORN-REWRITE\game\mod_tf\addons\metamod\bin\server"
maxplayers set to 24
No '-replayserverdir' parameter found - using default replay folder.
ProtoDefs post data loaded.
ProtoDefs post data loaded.
Unknown command "r_decal_cullsize"
Network: IP 192.168.170.183, mode MP, dedicated Yes, ports 27018 SV / 27005 CL
Missing shutdown function for Sys_InitAuthentication() : Sys_ShutdownAuthentication()
Missing shutdown function for S_Init() : S_Shutdown()
Missing shutdown function for Decal_Init() : Decal_Shutdown()
Missing shutdown function for InitStudioRender() : ShutdownStudioRender()
Missing shutdown function for StaticPropMgr()->Init() : StaticPropMgr()->Shutdown()
Missing shutdown function for modelloader->Init() : modelloader->Shutdown()
Missing shutdown function for InitMaterialSystem() : ShutdownMaterialSystem()
Missing shutdown function for HLTV_Init() : HLTV_Shutdown()
Missing shutdown function for g_Log.Init() : g_Log.Shutdown()
Missing shutdown function for ReplaySystem_Init( bDedicated ) : ReplaySystem_Shutdown()
Missing shutdown function for sv.Init( bDedicated ) : sv.Shutdown()
Missing shutdown function for g_GameEventManager.Init() : g_GameEventManager.Shutdown()
Missing shutdown function for NET_Init( bDedicated ) : NET_Shutdown()
Missing shutdown function for Key_Init() : Key_Shutdown()
Missing shutdown function for Filter_Init() : Filter_Shutdown()
Missing shutdown function for saverestore->Init() : saverestore->Shutdown()
Missing shutdown function for COM_Init() : COM_Shutdown()
Missing shutdown function for V_Init() : V_Shutdown()
Missing shutdown function for g_pCVar->Init() : g_pCVar->Shutdown()
Missing shutdown function for Cmd_Init() : Cmd_Shutdown()
Missing shutdown function for Cbuf_Init() : Cbuf_Shutdown()
Missing shutdown function for Con_Init() : Con_Shutdown()
Missing shutdown function for Memory_Init() : Memory_Shutdown()
Missing shutdown function for Host_Init( s_bIsDedicated ) : Host_Shutdown()
Missing shutdown function for Sys_InitMemory() : Sys_ShutdownMemory()
Missing shutdown function for Sys_Init() : Sys_Shutdown()
Missing shutdown function for COM_InitFilesystem( info.m_pInitialMod ) : COM_ShutdownFileSystem()
For FCVAR_REPLICATED, ConVar must be defined in client and game .dlls (sv_use_steam_voice)
ProtoDefs post data loaded.
ProtoDefs loaded. 43.17 MB used
ProtoDefs post data loaded.
ProtoDefs loaded. 43.17 MB used
Unable to load plugin "D:\TF-REBORN-REWRITE\game\mod_tf\addons\metamod\bin\server"
maxplayers set to 24
No '-replayserverdir' parameter found - using default replay folder.
ProtoDefs post data loaded.
ProtoDefs post data loaded.
Unknown command "r_decal_cullsize"
Network: IP 192.168.170.183, mode MP, dedicated Yes, ports 27018 SV / 27005 CL
Missing shutdown function for Sys_InitAuthentication() : Sys_ShutdownAuthentication()
Missing shutdown function for S_Init() : S_Shutdown()
Missing shutdown function for Decal_Init() : Decal_Shutdown()
Missing shutdown function for InitStudioRender() : ShutdownStudioRender()
Missing shutdown function for StaticPropMgr()->Init() : StaticPropMgr()->Shutdown()
Missing shutdown function for modelloader->Init() : modelloader->Shutdown()
Missing shutdown function for InitMaterialSystem() : ShutdownMaterialSystem()
Missing shutdown function for HLTV_Init() : HLTV_Shutdown()
Missing shutdown function for g_Log.Init() : g_Log.Shutdown()
Missing shutdown function for ReplaySystem_Init( bDedicated ) : ReplaySystem_Shutdown()
Missing shutdown function for sv.Init( bDedicated ) : sv.Shutdown()
Missing shutdown function for g_GameEventManager.Init() : g_GameEventManager.Shutdown()
Missing shutdown function for NET_Init( bDedicated ) : NET_Shutdown()
Missing shutdown function for Key_Init() : Key_Shutdown()
Missing shutdown function for Filter_Init() : Filter_Shutdown()
Missing shutdown function for saverestore->Init() : saverestore->Shutdown()
Missing shutdown function for COM_Init() : COM_Shutdown()
Missing shutdown function for V_Init() : V_Shutdown()
Missing shutdown function for g_pCVar->Init() : g_pCVar->Shutdown()
Missing shutdown function for Cmd_Init() : Cmd_Shutdown()
Missing shutdown function for Cbuf_Init() : Cbuf_Shutdown()
Missing shutdown function for Con_Init() : Con_Shutdown()
Missing shutdown function for Memory_Init() : Memory_Shutdown()
Missing shutdown function for Host_Init( s_bIsDedicated ) : Host_Shutdown()
Missing shutdown function for Sys_InitMemory() : Sys_ShutdownMemory()
Missing shutdown function for Sys_Init() : Sys_Shutdown()
Missing shutdown function for COM_InitFilesystem( info.m_pInitialMod ) : COM_ShutdownFileSystem()
For FCVAR_REPLICATED, ConVar must be defined in client and game .dlls (sv_use_steam_voice)
ProtoDefs post data loaded.
ProtoDefs loaded. 43.17 MB used
ProtoDefs post data loaded.
ProtoDefs loaded. 43.17 MB used
Unable to load plugin "D:\TF-REBORN-REWRITE\game\mod_tf\addons\metamod\bin\server"
maxplayers set to 24
No '-replayserverdir' parameter found - using default replay folder.
ProtoDefs post data loaded.
ProtoDefs post data loaded.
Unknown command "r_decal_cullsize"
Network: IP 192.168.170.183, mode MP, dedicated Yes, ports 27018 SV / 27005 CL
Missing shutdown function for Sys_InitAuthentication() : Sys_ShutdownAuthentication()
Missing shutdown function for S_Init() : S_Shutdown()
Missing shutdown function for Decal_Init() : Decal_Shutdown()
Missing shutdown function for InitStudioRender() : ShutdownStudioRender()
Missing shutdown function for StaticPropMgr()->Init() : StaticPropMgr()->Shutdown()
Missing shutdown function for modelloader->Init() : modelloader->Shutdown()
Missing shutdown function for InitMaterialSystem() : ShutdownMaterialSystem()
Missing shutdown function for HLTV_Init() : HLTV_Shutdown()
Missing shutdown function for g_Log.Init() : g_Log.Shutdown()
Missing shutdown function for ReplaySystem_Init( bDedicated ) : ReplaySystem_Shutdown()
Missing shutdown function for sv.Init( bDedicated ) : sv.Shutdown()
Missing shutdown function for g_GameEventManager.Init() : g_GameEventManager.Shutdown()
Missing shutdown function for NET_Init( bDedicated ) : NET_Shutdown()
Missing shutdown function for Key_Init() : Key_Shutdown()
Missing shutdown function for Filter_Init() : Filter_Shutdown()
Missing shutdown function for saverestore->Init() : saverestore->Shutdown()
Missing shutdown function for COM_Init() : COM_Shutdown()
Missing shutdown function for V_Init() : V_Shutdown()
Missing shutdown function for g_pCVar->Init() : g_pCVar->Shutdown()
Missing shutdown function for Cmd_Init() : Cmd_Shutdown()
Missing shutdown function for Cbuf_Init() : Cbuf_Shutdown()
Missing shutdown function for Con_Init() : Con_Shutdown()
Missing shutdown function for Memory_Init() : Memory_Shutdown()
Missing shutdown function for Host_Init( s_bIsDedicated ) : Host_Shutdown()
Missing shutdown function for Sys_InitMemory() : Sys_ShutdownMemory()
Missing shutdown function for Sys_Init() : Sys_Shutdown()
Missing shutdown function for COM_InitFilesystem( info.m_pInitialMod ) : COM_ShutdownFileSystem()
For FCVAR_REPLICATED, ConVar must be defined in client and game .dlls (sv_use_steam_voice)
ProtoDefs post data loaded.
ProtoDefs loaded. 43.17 MB used
ProtoDefs post data loaded.
ProtoDefs loaded. 43.17 MB used
Unable to load plugin "D:\TF-REBORN-REWRITE\game\mod_tf\addons\metamod\bin\server"
maxplayers set to 24
No '-replayserverdir' parameter found - using default replay folder.
ProtoDefs post data loaded.
ProtoDefs post data loaded.
Unknown command "r_decal_cullsize"
Network: IP 192.168.170.183, mode MP, dedicated Yes, ports 27018 SV / 27005 CL
Missing shutdown function for Sys_InitAuthentication() : Sys_ShutdownAuthentication()
Missing shutdown function for S_Init() : S_Shutdown()
Missing shutdown function for Decal_Init() : Decal_Shutdown()
Missing shutdown function for InitStudioRender() : ShutdownStudioRender()
Missing shutdown function for StaticPropMgr()->Init() : StaticPropMgr()->Shutdown()
Missing shutdown function for modelloader->Init() : modelloader->Shutdown()
Missing shutdown function for InitMaterialSystem() : ShutdownMaterialSystem()
Missing shutdown function for HLTV_Init() : HLTV_Shutdown()
Missing shutdown function for g_Log.Init() : g_Log.Shutdown()
Missing shutdown function for ReplaySystem_Init( bDedicated ) : ReplaySystem_Shutdown()
Missing shutdown function for sv.Init( bDedicated ) : sv.Shutdown()
Missing shutdown function for g_GameEventManager.Init() : g_GameEventManager.Shutdown()
Missing shutdown function for NET_Init( bDedicated ) : NET_Shutdown()
Missing shutdown function for Key_Init() : Key_Shutdown()
Missing shutdown function for Filter_Init() : Filter_Shutdown()
Missing shutdown function for saverestore->Init() : saverestore->Shutdown()
Missing shutdown function for COM_Init() : COM_Shutdown()
Missing shutdown function for V_Init() : V_Shutdown()
Missing shutdown function for g_pCVar->Init() : g_pCVar->Shutdown()
Missing shutdown function for Cmd_Init() : Cmd_Shutdown()
Missing shutdown function for Cbuf_Init() : Cbuf_Shutdown()
Missing shutdown function for Con_Init() : Con_Shutdown()
Missing shutdown function for Memory_Init() : Memory_Shutdown()
Missing shutdown function for Host_Init( s_bIsDedicated ) : Host_Shutdown()
Missing shutdown function for Sys_InitMemory() : Sys_ShutdownMemory()
Missing shutdown function for Sys_Init() : Sys_Shutdown()
Missing shutdown function for COM_InitFilesystem( info.m_pInitialMod ) : COM_ShutdownFileSystem()
For FCVAR_REPLICATED, ConVar must be defined in client and game .dlls (sv_use_steam_voice)
ProtoDefs post data loaded.
ProtoDefs loaded. 43.17 MB used
ProtoDefs post data loaded.
ProtoDefs loaded. 43.17 MB used
Unable to load plugin "D:\TF-REBORN-REWRITE\game\mod_tf\addons\metamod\bin\server"
maxplayers set to 24
No '-replayserverdir' parameter found - using default replay folder.
ProtoDefs post data loaded.
ProtoDefs post data loaded.
Unknown command "r_decal_cullsize"
Network: IP 192.168.170.183, mode MP, dedicated Yes, ports 27018 SV / 27005 CL
Missing shutdown function for Sys_InitAuthentication() : Sys_ShutdownAuthentication()
Missing shutdown function for S_Init() : S_Shutdown()
Missing shutdown function for Decal_Init() : Decal_Shutdown()
Missing shutdown function for InitStudioRender() : ShutdownStudioRender()
Missing shutdown function for StaticPropMgr()->Init() : StaticPropMgr()->Shutdown()
Missing shutdown function for modelloader->Init() : modelloader->Shutdown()
Missing shutdown function for InitMaterialSystem() : ShutdownMaterialSystem()
Missing shutdown function for HLTV_Init() : HLTV_Shutdown()
Missing shutdown function for g_Log.Init() : g_Log.Shutdown()
Missing shutdown function for ReplaySystem_Init( bDedicated ) : ReplaySystem_Shutdown()
Missing shutdown function for sv.Init( bDedicated ) : sv.Shutdown()
Missing shutdown function for g_GameEventManager.Init() : g_GameEventManager.Shutdown()
Missing shutdown function for NET_Init( bDedicated ) : NET_Shutdown()
Missing shutdown function for Key_Init() : Key_Shutdown()
Missing shutdown function for Filter_Init() : Filter_Shutdown()
Missing shutdown function for saverestore->Init() : saverestore->Shutdown()
Missing shutdown function for COM_Init() : COM_Shutdown()
Missing shutdown function for V_Init() : V_Shutdown()
Missing shutdown function for g_pCVar->Init() : g_pCVar->Shutdown()
Missing shutdown function for Cmd_Init() : Cmd_Shutdown()
Missing shutdown function for Cbuf_Init() : Cbuf_Shutdown()
Missing shutdown function for Con_Init() : Con_Shutdown()
Missing shutdown function for Memory_Init() : Memory_Shutdown()
Missing shutdown function for Host_Init( s_bIsDedicated ) : Host_Shutdown()
Missing shutdown function for Sys_InitMemory() : Sys_ShutdownMemory()
Missing shutdown function for Sys_Init() : Sys_Shutdown()
Missing shutdown function for COM_InitFilesystem( info.m_pInitialMod ) : COM_ShutdownFileSystem()
For FCVAR_REPLICATED, ConVar must be defined in client and game .dlls (sv_use_steam_voice)
ProtoDefs post data loaded.
ProtoDefs loaded. 43.17 MB used
ProtoDefs post data loaded.
ProtoDefs loaded. 43.17 MB used
Unable to load plugin "D:\TF-REBORN-REWRITE\game\mod_tf\addons\metamod\bin\server"
maxplayers set to 24
No '-replayserverdir' parameter found - using default replay folder.
ProtoDefs post data loaded.
ProtoDefs post data loaded.
Unknown command "r_decal_cullsize"
Network: IP 192.168.170.183, mode MP, dedicated Yes, ports 27018 SV / 27005 CL
Missing shutdown function for Sys_InitAuthentication() : Sys_ShutdownAuthentication()
Missing shutdown function for S_Init() : S_Shutdown()
Missing shutdown function for Decal_Init() : Decal_Shutdown()
Missing shutdown function for InitStudioRender() : ShutdownStudioRender()
Missing shutdown function for StaticPropMgr()->Init() : StaticPropMgr()->Shutdown()
Missing shutdown function for modelloader->Init() : modelloader->Shutdown()
Missing shutdown function for InitMaterialSystem() : ShutdownMaterialSystem()
Missing shutdown function for HLTV_Init() : HLTV_Shutdown()
Missing shutdown function for g_Log.Init() : g_Log.Shutdown()
Missing shutdown function for ReplaySystem_Init( bDedicated ) : ReplaySystem_Shutdown()
Missing shutdown function for sv.Init( bDedicated ) : sv.Shutdown()
Missing shutdown function for g_GameEventManager.Init() : g_GameEventManager.Shutdown()
Missing shutdown function for NET_Init( bDedicated ) : NET_Shutdown()
Missing shutdown function for Key_Init() : Key_Shutdown()
Missing shutdown function for Filter_Init() : Filter_Shutdown()
Missing shutdown function for saverestore->Init() : saverestore->Shutdown()
Missing shutdown function for COM_Init() : COM_Shutdown()
Missing shutdown function for V_Init() : V_Shutdown()
Missing shutdown function for g_pCVar->Init() : g_pCVar->Shutdown()
Missing shutdown function for Cmd_Init() : Cmd_Shutdown()
Missing shutdown function for Cbuf_Init() : Cbuf_Shutdown()
Missing shutdown function for Con_Init() : Con_Shutdown()
Missing shutdown function for Memory_Init() : Memory_Shutdown()
Missing shutdown function for Host_Init( s_bIsDedicated ) : Host_Shutdown()
Missing shutdown function for Sys_InitMemory() : Sys_ShutdownMemory()
Missing shutdown function for Sys_Init() : Sys_Shutdown()
Missing shutdown function for COM_InitFilesystem( info.m_pInitialMod ) : COM_ShutdownFileSystem()
For FCVAR_REPLICATED, ConVar must be defined in client and game .dlls (sv_use_steam_voice)
ProtoDefs post data loaded.
ProtoDefs loaded. 43.17 MB used
ProtoDefs post data loaded.
ProtoDefs loaded. 43.17 MB used
Unable to load plugin "D:\TF-REBORN-REWRITE\game\mod_tf\addons\metamod\bin\server"
maxplayers set to 24
No '-replayserverdir' parameter found - using default replay folder.
ProtoDefs post data loaded.
ProtoDefs post data loaded.
Unknown command "r_decal_cullsize"
Network: IP 192.168.170.183, mode MP, dedicated Yes, ports 27018 SV / 27005 CL
Missing shutdown function for Sys_InitAuthentication() : Sys_ShutdownAuthentication()
Missing shutdown function for S_Init() : S_Shutdown()
Missing shutdown function for Decal_Init() : Decal_Shutdown()
Missing shutdown function for InitStudioRender() : ShutdownStudioRender()
Missing shutdown function for StaticPropMgr()->Init() : StaticPropMgr()->Shutdown()
Missing shutdown function for modelloader->Init() : modelloader->Shutdown()
Missing shutdown function for InitMaterialSystem() : ShutdownMaterialSystem()
Missing shutdown function for HLTV_Init() : HLTV_Shutdown()
Missing shutdown function for g_Log.Init() : g_Log.Shutdown()
Missing shutdown function for ReplaySystem_Init( bDedicated ) : ReplaySystem_Shutdown()
Missing shutdown function for sv.Init( bDedicated ) : sv.Shutdown()
Missing shutdown function for g_GameEventManager.Init() : g_GameEventManager.Shutdown()
Missing shutdown function for NET_Init( bDedicated ) : NET_Shutdown()
Missing shutdown function for Key_Init() : Key_Shutdown()
Missing shutdown function for Filter_Init() : Filter_Shutdown()
Missing shutdown function for saverestore->Init() : saverestore->Shutdown()
Missing shutdown function for COM_Init() : COM_Shutdown()
Missing shutdown function for V_Init() : V_Shutdown()
Missing shutdown function for g_pCVar->Init() : g_pCVar->Shutdown()
Missing shutdown function for Cmd_Init() : Cmd_Shutdown()
Missing shutdown function for Cbuf_Init() : Cbuf_Shutdown()
Missing shutdown function for Con_Init() : Con_Shutdown()
Missing shutdown function for Memory_Init() : Memory_Shutdown()
Missing shutdown function for Host_Init( s_bIsDedicated ) : Host_Shutdown()
Missing shutdown function for Sys_InitMemory() : Sys_ShutdownMemory()
Missing shutdown function for Sys_Init() : Sys_Shutdown()
Missing shutdown function for COM_InitFilesystem( info.m_pInitialMod ) : COM_ShutdownFileSystem()
For FCVAR_REPLICATED, ConVar must be defined in client and game .dlls (sv_use_steam_voice)
ProtoDefs post data loaded.
ProtoDefs loaded. 43.17 MB used
ProtoDefs post data loaded.
ProtoDefs loaded. 43.17 MB used
maxplayers set to 24
No '-replayserverdir' parameter found - using default replay folder.
ProtoDefs post data loaded.
ProtoDefs post data loaded.
Unknown command "r_decal_cullsize"
Network: IP 192.168.170.183, mode MP, dedicated Yes, ports 27018 SV / 27005 CL
Missing shutdown function for Sys_InitAuthentication() : Sys_ShutdownAuthentication()
Missing shutdown function for S_Init() : S_Shutdown()
Missing shutdown function for Decal_Init() : Decal_Shutdown()
Missing shutdown function for InitStudioRender() : ShutdownStudioRender()
Missing shutdown function for StaticPropMgr()->Init() : StaticPropMgr()->Shutdown()
Missing shutdown function for modelloader->Init() : modelloader->Shutdown()
Missing shutdown function for InitMaterialSystem() : ShutdownMaterialSystem()
Missing shutdown function for HLTV_Init() : HLTV_Shutdown()
Missing shutdown function for g_Log.Init() : g_Log.Shutdown()
Missing shutdown function for ReplaySystem_Init( bDedicated ) : ReplaySystem_Shutdown()
Missing shutdown function for sv.Init( bDedicated ) : sv.Shutdown()
Missing shutdown function for g_GameEventManager.Init() : g_GameEventManager.Shutdown()
Missing shutdown function for NET_Init( bDedicated ) : NET_Shutdown()
Missing shutdown function for Key_Init() : Key_Shutdown()
Missing shutdown function for Filter_Init() : Filter_Shutdown()
Missing shutdown function for saverestore->Init() : saverestore->Shutdown()
Missing shutdown function for COM_Init() : COM_Shutdown()
Missing shutdown function for V_Init() : V_Shutdown()
Missing shutdown function for g_pCVar->Init() : g_pCVar->Shutdown()
Missing shutdown function for Cmd_Init() : Cmd_Shutdown()
Missing shutdown function for Cbuf_Init() : Cbuf_Shutdown()
Missing shutdown function for Con_Init() : Con_Shutdown()
Missing shutdown function for Memory_Init() : Memory_Shutdown()
Missing shutdown function for Host_Init( s_bIsDedicated ) : Host_Shutdown()
Missing shutdown function for Sys_InitMemory() : Sys_ShutdownMemory()
Missing shutdown function for Sys_Init() : Sys_Shutdown()
Missing shutdown function for COM_InitFilesystem( info.m_pInitialMod ) : COM_ShutdownFileSystem()
